[CommunicationLog]
R [00229F2C] : 01
S [00229F1C] : (34)
R [00229F1C] : 010A1798
S [00229F1C] : (35)
R [00229E13] : 000010A40000A000A043A04507FFE00000000000000000000000000000000068900400A179800000FA000
S [00229DF4] : (40)
R [00229DF4] : 01
S [00229DE4] : (34)
R [00229DE4] : 010A1798
S [00229DD4] : (35)
R [00229DD4] : 000010A40000A000A043A04507FFE00000000000000000000000000000000068900400A179800000FA000
S [00229DB5] : (40)
R [00229DB5] : 01
S [00229DA6] : (34)
R [00229DA6] : 010A1798
S [00229D96] : (35)
R [00229B36] : 00
S [00229B26] : (34)
R [00229B26] : 00
S [00229B26] : (34)
R [00229740] : 00
S [00229730] : (34)
R [00229730] : 00
S [00229730] : (34)
R [0022934A] : 00
S [0022933A] : (34)
R [0022933A] : 00
S [0022933A] : (34)
R [00228F54] : 00
S [00228F44] : (34)
R [00228F44] : 00
S [00228F44] : (34)
R [00228B6D] : 00
S [00228B5E] : (34)
R [00228B5E] : 00
S [00228B4E] : (34)
R [00228768] : 00
S [00228758] : (34)
R [00228758] : 00
S [00228758] : (34)
R [00228381] : 00
S [00228372] : (34)
R [00228362] : 00
S [00228362] : (34)
R [00227F7C] : 00
S [00227F6C] : (34)
R [00227F6C] : 00
S [00227F6C] : (34)
R [00227B86] : 00
S [00227B76] : (34)
R [00227B76] : 00
S [00227B76] : (34)
R [00227790] : 00
S [00227780] : (34)
R [00227780] : 00
S [00227780] : (34)
R [0022739A] : 00
S [0022738A] : (34)
R [0022738A] : 00
S [0022738A] : (34)
R [00226FA4] : 00
S [00226F94] : (34)
R [00226F94] : 00
S [00226F94] : (34)
R [00226BAE] : 00
S [00226B9E] : (34)
R [00226B9E] : 00
S [00226B9E] : (34)
R [002267C7] : 00
S [002267B8] : (34)
R [002267B8] : 00
S [002267A8] : (34)
R [002263C2] : 00
S [002263B2] : (34)
R [002263B2] : 00
S [002263B2] : (34)
R [00225FDB] : 00
S [00225FCC] : (34)
R [00225FCC] : 00
S [00225FBC] : (34)
R [00225BD6] : 00
S [00225BC6] : (34)
R [00225BC6] : 00
S [00225BC6] : (34)
R [002257E0] : 00
S [002257D0] : (34)
R [002257D0] : 00
S [002257D0] : (34)
R [002253EA] : 00
S [002253DA] : (34)
R [002253DA] : 00
S [002253DA] : (34)
R [00224FF4] : 00
S [00224FE4] : (34)
R [00224FE4] : 00
S [00224FE4] : (34)
R [00224BFE] : 00
S [00224BEE] : (34)
R [00224BEE] : 00
S [00224BEE] : (34)
R [00224807] : 00
S [002247F8] : (34)
R [002247F8] : 00
S [002247F8] : (34)
R [00224421] : 00
S [00224411] : (34)
R [00224411] : 00
S [00224402] : (34)
R [0022401B] : 00
S [0022400C] : (34)
R [0022400C] : 00
S [0022400C] : (34)
R [00223C35] : 00
S [00223C25] : (34)
R [00223C25] : 00
S [00223C16] : (34)
R [0022382F] : 00
S [00223820] : (34)
R [00223820] : 00
S [00223820] : (34)
R [00223439] : 00
S [0022342A] : (34)
R [0022342A] : 00
S [0022342A] : (34)
R [00223043] : 00
S [00223034] : (34)
R [00223034] : 00
S [00223034] : (34)
R [00222C4D] : 00
S [00222C3E] : (34)
R [00222C3E] : 00
S [00222C3E] : (34)
R [00222857] : 00
S [00222848] : (34)
R [00222848] : 00
S [00222848] : (34)
R [00222461] : 00
S [00222452] : (34)
R [00222452] : 00
S [00222452] : (34)
R [0022206B] : 00
S [0022205C] : (34)
R [0022205C] : 00
S [0022205C] : (34)
R [00221C75] : 00
S [00221C66] : (34)
R [00221C66] : 00
S [00221C66] : (34)
R [0022188F] : 00
S [0022187F] : (34)
R [0022187F] : 00
S [00221870] : (34)
R [00221489] : 00
S [0022147A] : (34)
R [0022147A] : 00
S [0022147A] : (34)
R [002210A3] : 00
S [00221093] : (34)
R [00221084] : 00
S [00221084] : (34)
R [00220C9D] : 00
S [00220C8E] : (34)
R [00220C8E] : 00
S [00220C8E] : (34)
R [002208A7] : 00
S [00220898] : (34)
R [00220898] : 00
S [00220898] : (34)
R [002204B1] : 00
S [002204A2] : (34)
R [002204A2] : 00
S [002204A2] : (34)
R [002200BB] : 00
S [002200AC] : (34)
R [002200AC] : 00
S [002200AC] : (34)
R [0021FCC5] : 00
S [0021FCB6] : (34)
R [0021FCB6] : 00
S [0021FCB6] : (34)
R [0021F8CF] : 00
S [0021F8C0] : (34)
R [0021F8C0] : 00
S [0021F8C0] : (34)
R [0021F4E9] : 00
S [0021F4D9] : (34)
R [0021F4D9] : 00
S [0021F4CA] : (34)
R [0021F0E3] : 00
S [0021F0D4] : (34)
R [0021F0D4] : 00
S [0021F0D4] : (34)
R [0021ECFD] : 00
S [0021ECED] : (34)
R [0021ECED] : 00
S [0021ECDE] : (34)
R [0021E8F7] : 00
S [0021E8E8] : (34)
R [0021E8E8] : 00
S [0021E8E8] : (34)
R [0021E501] : 00
S [0021E4F2] : (34)
R [0021E4F2] : 00
S [0021E4F2] : (34)
R [0021E10B] : 00
S [0021E0FC] : (34)
R [0021E0FC] : 00
S [0021E0FC] : (34)
R [0021DD15] : 00
S [0021DD06] : (34)
R [0021DD06] : 00
S [0021DD06] : (34)
R [0021D91F] : 00
S [0021D910] : (34)
R [0021D910] : 00
S [0021D910] : (34)
R [0021D529] : 00
S [0021D51A] : (34)
R [0021D51A] : 00
S [0021D51A] : (34)
R [0021D143] : 00
S [0021D133] : (34)
R [0021D133] : 00
S [0021D124] : (34)
R [0021CD3D] : 00
S [0021CD2E] : (34)
R [0021CD2E] : 00
S [0021CD2E] : (34)
R [0021C957] : 00
S [0021C947] : (34)
R [0021C947] : 00
S [0021C938] : (34)
R [0021C551] : 00
S [0021C542] : (34)
R [0021C542] : 00
S [0021C542] : (34)
R [0021C15B] : 00
S [0021C15B] : (34)
R [0021C14C] : 00
S [0021C14C] : (34)
R [0021BD65] : 00
S [0021BD56] : (34)
R [0021BD56] : 00
S [0021BD56] : (34)
R [0021B96F] : 00
S [0021B960] : (34)
R [0021B960] : 00
S [0021B960] : (34)
R [0021B589] : 00
S [0021B579] : (34)
R [0021B579] : 00
S [0021B56A] : (34)
R [0021B55A] : 00
S [0021B54A] : (34)
R [0021B54A] : 0
S [0021B53B] : (330A0000)
R [0021B4CE] : 00000000000000000000000000000000000000000000000000000000000007C0000000A00000000000000
S [0021B4AE] : (40)
R [0021B470] : 0
S [0021B470] : (07)
R [0021AC65] : 00000000000000000000000000000000000000000000000000000000000007C0000000A00000000000000
S [0021AC55] : (40)
R [0021AC17] : 0
S [0021AC07] : (07)
R [0021AB9A] : 00000000000000000000000000000000000000000000000000000000000007C0000000A00000000000000
S [0021AB7B] : (40)
R [0021AB5C] : 0
S [0021AB4C] : (21)
R [0021AB4C] : 0
S [00217FCA] : 0B
R [00217FCA] : 0
S [00216ED9] : (0B)
R [00216E9A] : 0
S [00216E8B] : (07)
R [0021557F] : 00000000000000000000000000000000000000000000000000000000000007C0000000A00000000000000
S [00215560] : (40)
R [00215522] : 0
S [00215512] : (07)
R [00215512] : 0
S [00215502] : (08)
R [00215502] : 0BBD4F7AF40D5B164520DB4BF96226FDDF4029765D6327FFE0E2A7FC99027DF9EEB450BD56A0BAE80FD64
S [002154E3] : (40)
R [002154E3] : 01
S [002154D3] : (34)
R [002154D3] : 010BD56A
S [002154C4] : (35)
R [002154C4] : 018000FFFFC000E000FFFF010000F01070011
S [002154B4] : (00)
